# JRE version: OpenJDK Runtime Environment (23.0.1+11) (build 23.0.1+11-39)
# Java VM: OpenJDK 64-Bit Server VM (23.0.1+11-39, mixed mode, sharing, tiered, compressed oops, compressed class ptrs, g1 gc, windows-amd64)
GC Precious Log:
 CardTable entry size: 512
 Card Set container configuration: InlinePtr #cards 5 size 8 Array Of Cards #cards 10 size 36 Howl #buckets 4 coarsen threshold 1843 Howl Bitmap #cards 512 size 80 coarsen threshold 460 Card regions per heap region 1 cards per card region 2048
 CPUs: 2 total, 2 available
 Memory: 3737M
 Large Page Support: Disabled
 NUMA Support: Disabled
 Compressed Oops: Enabled (32-bit)
 Heap Region Size: 1M
 Heap Min Capacity: 8M
 Heap Initial Capacity: 60M
 Heap Max Capacity: 936M
 Pre-touch: Disabled
 Parallel Workers: 2
 Concurrent Workers: 1
 Concurrent Refinement Workers: 2
 Periodic GC: Disabled
Heap:
 garbage-first heap   total reserved 958464K, committed 58368K, used 45699K [0x00000000c5800000, 0x0000000100000000)
  region size 1024K, 17 young (17408K), 2 survivors (2048K)
 Metaspace       used 74499K, committed 75264K, reserved 1114112K
  class space    used 10307K, committed 10624K, reserved 1048576K
GC Heap History (20 events):
Event: 26.122 GC heap before
{Heap before GC invocations=11 (full 0):
 garbage-first heap   total reserved 958464K, committed 48128K, used 23189K [0x00000000c5800000, 0x0000000100000000)
  region size 1024K, 6 young (6144K), 2 survivors (2048K)
 Metaspace       used 35528K, committed 35968K, reserved 1114112K
  class space    used 4656K, committed 4864K, reserved 1048576K
}
Event: 26.132 GC heap after
{Heap after GC invocations=12 (full 0):
 garbage-first heap   total reserved 958464K, committed 48128K, used 21711K [0x00000000c5800000, 0x0000000100000000)
  region size 1024K, 2 young (2048K), 2 survivors (2048K)
 Metaspace       used 35528K, committed 35968K, reserved 1114112K
  class space    used 4656K, committed 4864K, reserved 1048576K
}
Event: 32.067 GC heap before
{Heap before GC invocations=13 (full 0):
 garbage-first heap   total reserved 958464K, committed 48128K, used 40143K [0x00000000c5800000, 0x0000000100000000)
  region size 1024K, 21 young (21504K), 2 survivors (2048K)
 Metaspace       used 43507K, committed 44096K, reserved 1114112K
  class space    used 5640K, committed 5888K, reserved 1048576K
}
Event: 32.077 GC heap after
{Heap after GC invocations=14 (full 0):
 garbage-first heap   total reserved 958464K, committed 48128K, used 23759K [0x00000000c5800000, 0x0000000100000000)
  region size 1024K, 3 young (3072K), 3 survivors (3072K)
 Metaspace       used 43507K, committed 44096K, reserved 1114112K
  class space    used 5640K, committed 5888K, reserved 1048576K
}
Event: 34.264 GC heap before
{Heap before GC invocations=14 (full 0):
 garbage-first heap   total reserved 958464K, committed 48128K, used 41167K [0x00000000c5800000, 0x0000000100000000)
  region size 1024K, 20 young (20480K), 3 survivors (3072K)
 Metaspace       used 48217K, committed 48832K, reserved 1114112K
  class space    used 6334K, committed 6592K, reserved 1048576K
}
Event: 34.274 GC heap after
{Heap after GC invocations=15 (full 0):
 garbage-first heap   total reserved 958464K, committed 48128K, used 25052K [0x00000000c5800000, 0x0000000100000000)
  region size 1024K, 2 young (2048K), 2 survivors (2048K)
 Metaspace       used 48217K, committed 48832K, reserved 1114112K
  class space    used 6334K, committed 6592K, reserved 1048576K
}
Event: 35.799 GC heap before
{Heap before GC invocations=15 (full 0):
 garbage-first heap   total reserved 958464K, committed 48128K, used 42460K [0x00000000c5800000, 0x0000000100000000)
  region size 1024K, 19 young (19456K), 2 survivors (2048K)
 Metaspace       used 52596K, committed 53120K, reserved 1114112K
  class space    used 7063K, committed 7296K, reserved 1048576K
}
Event: 35.806 GC heap after
{Heap after GC invocations=16 (full 0):
 garbage-first heap   total reserved 958464K, committed 48128K, used 25543K [0x00000000c5800000, 0x0000000100000000)
  region size 1024K, 2 young (2048K), 2 survivors (2048K)
 Metaspace       used 52596K, committed 53120K, reserved 1114112K
  class space    used 7063K, committed 7296K, reserved 1048576K
}
Event: 36.978 GC heap before
{Heap before GC invocations=17 (full 0):
 garbage-first heap   total reserved 958464K, committed 48128K, used 41927K [0x00000000c5800000, 0x0000000100000000)
  region size 1024K, 19 young (19456K), 2 survivors (2048K)
 Metaspace       used 56941K, committed 57536K, reserved 1114112K
  class space    used 7611K, committed 7872K, reserved 1048576K
}
Event: 36.987 GC heap after
{Heap after GC invocations=18 (full 0):
 garbage-first heap   total reserved 958464K, committed 48128K, used 26657K [0x00000000c5800000, 0x0000000100000000)
  region size 1024K, 2 young (2048K), 2 survivors (2048K)
 Metaspace       used 56941K, committed 57536K, reserved 1114112K
  class space    used 7611K, committed 7872K, reserved 1048576K
}
Event: 38.018 GC heap before
{Heap before GC invocations=18 (full 0):
 garbage-first heap   total reserved 958464K, committed 48128K, used 40993K [0x00000000c5800000, 0x0000000100000000)
  region size 1024K, 17 young (17408K), 2 survivors (2048K)
 Metaspace       used 61747K, committed 62336K, reserved 1114112K
  class space    used 8478K, committed 8768K, reserved 1048576K
}
Event: 38.037 GC heap after
{Heap after GC invocations=19 (full 0):
 garbage-first heap   total reserved 958464K, committed 48128K, used 26862K [0x00000000c5800000, 0x0000000100000000)
  region size 1024K, 2 young (2048K), 2 survivors (2048K)
 Metaspace       used 61747K, committed 62336K, reserved 1114112K
  class space    used 8478K, committed 8768K, reserved 1048576K
}
Event: 39.002 GC heap before
{Heap before GC invocations=19 (full 0):
 garbage-first heap   total reserved 958464K, committed 48128K, used 42222K [0x00000000c5800000, 0x0000000100000000)
  region size 1024K, 17 young (17408K), 2 survivors (2048K)
 Metaspace       used 65355K, committed 65984K, reserved 1114112K
  class space    used 9036K, committed 9280K, reserved 1048576K
}
Event: 39.010 GC heap after
{Heap after GC invocations=20 (full 0):
 garbage-first heap   total reserved 958464K, committed 48128K, used 27292K [0x00000000c5800000, 0x0000000100000000)
  region size 1024K, 3 young (3072K), 3 survivors (3072K)
 Metaspace       used 65355K, committed 65984K, reserved 1114112K
  class space    used 9036K, committed 9280K, reserved 1048576K
}
Event: 40.021 GC heap before
{Heap before GC invocations=21 (full 0):
 garbage-first heap   total reserved 958464K, committed 48128K, used 39580K [0x00000000c5800000, 0x0000000100000000)
  region size 1024K, 16 young (16384K), 3 survivors (3072K)
 Metaspace       used 67585K, committed 68288K, reserved 1114112K
  class space    used 9326K, committed 9600K, reserved 1048576K
}
Event: 40.031 GC heap after
{Heap after GC invocations=22 (full 0):
 garbage-first heap   total reserved 958464K, committed 48128K, used 28655K [0x00000000c5800000, 0x0000000100000000)
  region size 1024K, 2 young (2048K), 2 survivors (2048K)
 Metaspace       used 67585K, committed 68288K, reserved 1114112K
  class space    used 9326K, committed 9600K, reserved 1048576K
}
Event: 41.667 GC heap before
{Heap before GC invocations=22 (full 0):
 garbage-first heap   total reserved 958464K, committed 48128K, used 42991K [0x00000000c5800000, 0x0000000100000000)
  region size 1024K, 16 young (16384K), 2 survivors (2048K)
 Metaspace       used 70182K, committed 70848K, reserved 1114112K
  class space    used 9678K, committed 9984K, reserved 1048576K
}
Event: 41.679 GC heap after
{Heap after GC invocations=23 (full 0):
 garbage-first heap   total reserved 958464K, committed 48128K, used 29222K [0x00000000c5800000, 0x0000000100000000)
  region size 1024K, 1 young (1024K), 1 survivors (1024K)
 Metaspace       used 70182K, committed 70848K, reserved 1114112K
  class space    used 9678K, committed 9984K, reserved 1048576K
}
Event: 42.777 GC heap before
{Heap before GC invocations=23 (full 0):
 garbage-first heap   total reserved 958464K, committed 48128K, used 43558K [0x00000000c5800000, 0x0000000100000000)
  region size 1024K, 15 young (15360K), 1 survivors (1024K)
 Metaspace       used 71956K, committed 72768K, reserved 1114112K
  class space    used 9942K, committed 10304K, reserved 1048576K
}
Event: 42.789 GC heap after
{Heap after GC invocations=24 (full 0):
 garbage-first heap   total reserved 958464K, committed 58368K, used 31363K [0x00000000c5800000, 0x0000000100000000)
  region size 1024K, 2 young (2048K), 2 survivors (2048K)
 Metaspace       used 71956K, committed 72768K, reserved 1114112K
  class space    used 9942K, committed 10304K, reserved 1048576K
}

